<?xml version="1.0" encoding="UTF-8"?>
<testsuite name="com.example.demo.architecture.infrastructure.builder.UserDataBuilderTest" tests="2" skipped="0" failures="0" errors="0" timestamp="2024-08-26T04:33:24" hostname="CL-IT01235" time="0.221">
  <properties/>
  <testcase name="testBuildFromRequest()" classname="com.example.demo.architecture.infrastructure.builder.UserDataBuilderTest" time="0.206"/>
  <testcase name="testGetPhoneDataList()" classname="com.example.demo.architecture.infrastructure.builder.UserDataBuilderTest" time="0.007"/>
  <system-out><![CDATA[]]></system-out>
  <system-err><![CDATA[]]></system-err>
</testsuite>
