<?xml version="1.0" encoding="UTF-8"?>
<testsuite name="com.example.demo.architecture.domain.service.UserServiceImplTest" tests="4" skipped="0" failures="0" errors="0" timestamp="2024-08-26T04:33:23" hostname="CL-IT01235" time="0.387">
  <properties/>
  <testcase name="testCreateUser_UserAlreadyExists()" classname="com.example.demo.architecture.domain.service.UserServiceImplTest" time="0.366"/>
  <testcase name="testFindByEmail()" classname="com.example.demo.architecture.domain.service.UserServiceImplTest" time="0.005"/>
  <testcase name="testCreateUser()" classname="com.example.demo.architecture.domain.service.UserServiceImplTest" time="0.005"/>
  <testcase name="testDisableUserById()" classname="com.example.demo.architecture.domain.service.UserServiceImplTest" time="0.004"/>
  <system-out><![CDATA[]]></system-out>
  <system-err><![CDATA[]]></system-err>
</testsuite>
