<?xml version="1.0" encoding="UTF-8"?>
<testsuite name="com.example.demo.DemoApplicationTests" tests="1" skipped="0" failures="0" errors="0" timestamp="2024-08-26T04:33:22" hostname="CL-IT01235" time="0.617">
  <properties/>
  <testcase name="contextLoads()" classname="com.example.demo.DemoApplicationTests" time="0.617"/>
  <system-out><![CDATA[00:33:16.459 [Test worker] INFO org.springframework.test.context.support.AnnotationConfigContextLoaderUtils -- Could not detect default configuration classes for test class [com.example.demo.DemoApplicationTests]: DemoApplicationTests does not declare any static, non-private, non-final, nested classes annotated with @Configuration.
00:33:16.655 [Test worker] INFO org.springframework.boot.test.context.SpringBootTestContextBootstrapper -- Found @SpringBootConfiguration com.example.demo.DemoApplication for test class com.example.demo.DemoApplicationTests

  .   ____          _            __ _ _
 /\\ / ___'_ __ _ _(_)_ __  __ _ \ \ \ \
( ( )\___ | '_ | '_| | '_ \/ _` | \ \ \ \
 \\/  ___)| |_)| | | | | || (_| |  ) ) ) )
  '  |____| .__|_| |_|_| |_\__, | / / / /
 =========|_|==============|___/=/_/_/_/

 :: Spring Boot ::                (v3.3.3)

2024-08-26T00:33:17.350-04:00  INFO 7689 --- [    Test worker] com.example.demo.DemoApplicationTests    : Starting DemoApplicationTests using Java 17.0.10 with PID 7689 (started by natali.gajardo in /Users/natali.gajardo/Desktop/create-user-api)
2024-08-26T00:33:17.352-04:00  INFO 7689 --- [    Test worker] com.example.demo.DemoApplicationTests    : No active profile set, falling back to 1 default profile: "default"
2024-08-26T00:33:18.450-04:00  INFO 7689 --- [    Test worker] .s.d.r.c.RepositoryConfigurationDelegate : Bootstrapping Spring Data JPA repositories in DEFAULT mode.
2024-08-26T00:33:18.538-04:00  INFO 7689 --- [    Test worker] .s.d.r.c.RepositoryConfigurationDelegate : Finished Spring Data repository scanning in 74 ms. Found 1 JPA repository interface.
2024-08-26T00:33:19.051-04:00  INFO 7689 --- [    Test worker] com.zaxxer.hikari.HikariDataSource       : HikariPool-1 - Starting...
2024-08-26T00:33:19.176-04:00  INFO 7689 --- [    Test worker] h2database                               : testdb:database opening /Users/natali.gajardo/database/testdb (build 224)
2024-08-26T00:33:19.205-04:00  INFO 7689 --- [    Test worker] h2database                               : jdbc 
/**/Connection conn0 = DriverManager.getConnection("jdbc:h2:file:~/database/testdb;AUTO_SERVER=TRUE;TRACE_LEVEL_FILE=4", "SA", "");
2024-08-26T00:33:19.211-04:00  INFO 7689 --- [    Test worker] com.zaxxer.hikari.pool.HikariPool        : HikariPool-1 - Added connection conn0: url=jdbc:h2:file:~/database/testdb user=SA
2024-08-26T00:33:19.214-04:00  INFO 7689 --- [    Test worker] com.zaxxer.hikari.HikariDataSource       : HikariPool-1 - Start completed.
2024-08-26T00:33:19.316-04:00  INFO 7689 --- [onnection adder] h2database                               : testdb:database opening /Users/natali.gajardo/database/testdb (build 224)
2024-08-26T00:33:19.320-04:00  INFO 7689 --- [onnection adder] h2database                               : jdbc 
/**/Connection conn1 = DriverManager.getConnection("jdbc:h2:file:~/database/testdb;AUTO_SERVER=TRUE;TRACE_LEVEL_FILE=4", "SA", "");
2024-08-26T00:33:19.336-04:00  INFO 7689 --- [    Test worker] o.hibernate.jpa.internal.util.LogHelper  : HHH000204: Processing PersistenceUnitInfo [name: default]
2024-08-26T00:33:19.354-04:00  INFO 7689 --- [onnection adder] h2database                               : testdb:database opening /Users/natali.gajardo/database/testdb (build 224)
2024-08-26T00:33:19.359-04:00  INFO 7689 --- [onnection adder] h2database                               : jdbc 
/**/Connection conn2 = DriverManager.getConnection("jdbc:h2:file:~/database/testdb;AUTO_SERVER=TRUE;TRACE_LEVEL_FILE=4", "SA", "");
2024-08-26T00:33:19.394-04:00  INFO 7689 --- [onnection adder] h2database                               : testdb:database opening /Users/natali.gajardo/database/testdb (build 224)
2024-08-26T00:33:19.399-04:00  INFO 7689 --- [onnection adder] h2database                               : jdbc 
/**/Connection conn3 = DriverManager.getConnection("jdbc:h2:file:~/database/testdb;AUTO_SERVER=TRUE;TRACE_LEVEL_FILE=4", "SA", "");
2024-08-26T00:33:19.427-04:00  INFO 7689 --- [    Test worker] org.hibernate.Version                    : HHH000412: Hibernate ORM core version 6.5.2.Final
2024-08-26T00:33:19.433-04:00  INFO 7689 --- [onnection adder] h2database                               : testdb:database opening /Users/natali.gajardo/database/testdb (build 224)
2024-08-26T00:33:19.438-04:00  INFO 7689 --- [onnection adder] h2database                               : jdbc 
/**/Connection conn4 = DriverManager.getConnection("jdbc:h2:file:~/database/testdb;AUTO_SERVER=TRUE;TRACE_LEVEL_FILE=4", "SA", "");
2024-08-26T00:33:19.472-04:00  INFO 7689 --- [onnection adder] h2database                               : testdb:database opening /Users/natali.gajardo/database/testdb (build 224)
2024-08-26T00:33:19.478-04:00  INFO 7689 --- [onnection adder] h2database                               : jdbc 
/**/Connection conn5 = DriverManager.getConnection("jdbc:h2:file:~/database/testdb;AUTO_SERVER=TRUE;TRACE_LEVEL_FILE=4", "SA", "");
2024-08-26T00:33:19.486-04:00  INFO 7689 --- [    Test worker] o.h.c.internal.RegionFactoryInitiator    : HHH000026: Second-level cache disabled
2024-08-26T00:33:19.514-04:00  INFO 7689 --- [onnection adder] h2database                               : testdb:database opening /Users/natali.gajardo/database/testdb (build 224)
2024-08-26T00:33:19.519-04:00  INFO 7689 --- [onnection adder] h2database                               : jdbc 
/**/Connection conn6 = DriverManager.getConnection("jdbc:h2:file:~/database/testdb;AUTO_SERVER=TRUE;TRACE_LEVEL_FILE=4", "SA", "");
2024-08-26T00:33:19.551-04:00  INFO 7689 --- [onnection adder] h2database                               : testdb:database opening /Users/natali.gajardo/database/testdb (build 224)
2024-08-26T00:33:19.556-04:00  INFO 7689 --- [onnection adder] h2database                               : jdbc 
/**/Connection conn7 = DriverManager.getConnection("jdbc:h2:file:~/database/testdb;AUTO_SERVER=TRUE;TRACE_LEVEL_FILE=4", "SA", "");
2024-08-26T00:33:19.592-04:00  INFO 7689 --- [onnection adder] h2database                               : testdb:database opening /Users/natali.gajardo/database/testdb (build 224)
2024-08-26T00:33:19.598-04:00  INFO 7689 --- [onnection adder] h2database                               : jdbc 
/**/Connection conn8 = DriverManager.getConnection("jdbc:h2:file:~/database/testdb;AUTO_SERVER=TRUE;TRACE_LEVEL_FILE=4", "SA", "");
2024-08-26T00:33:19.631-04:00  INFO 7689 --- [onnection adder] h2database                               : testdb:database opening /Users/natali.gajardo/database/testdb (build 224)
2024-08-26T00:33:19.636-04:00  INFO 7689 --- [onnection adder] h2database                               : jdbc 
/**/Connection conn9 = DriverManager.getConnection("jdbc:h2:file:~/database/testdb;AUTO_SERVER=TRUE;TRACE_LEVEL_FILE=4", "SA", "");
2024-08-26T00:33:19.941-04:00  INFO 7689 --- [    Test worker] o.s.o.j.p.SpringPersistenceUnitInfo      : No LoadTimeWeaver setup: ignoring JPA class transformer
2024-08-26T00:33:20.012-04:00  WARN 7689 --- [    Test worker] org.hibernate.orm.deprecation            : HHH90000025: H2Dialect does not need to be specified explicitly using 'hibernate.dialect' (remove the property setting and it will be selected by default)
2024-08-26T00:33:21.394-04:00  INFO 7689 --- [    Test worker] o.h.e.t.j.p.i.JtaPlatformInitiator       : HHH000489: No JTA platform available (set 'hibernate.transaction.jta.platform' to enable JTA platform integration)
2024-08-26T00:33:21.470-04:00  INFO 7689 --- [    Test worker] j.LocalContainerEntityManagerFactoryBean : Initialized JPA EntityManagerFactory for persistence unit 'default'
2024-08-26T00:33:22.211-04:00  WARN 7689 --- [    Test worker] JpaBaseConfiguration$JpaWebConfiguration : spring.jpa.open-in-view is enabled by default. Therefore, database queries may be performed during view rendering. Explicitly configure spring.jpa.open-in-view to disable this warning
2024-08-26T00:33:22.762-04:00  INFO 7689 --- [    Test worker] o.s.b.a.h2.H2ConsoleAutoConfiguration    : H2 console available at '/h2-console'. Database available at 'jdbc:h2:file:~/database/testdb'
2024-08-26T00:33:22.854-04:00  INFO 7689 --- [    Test worker] com.example.demo.DemoApplicationTests    : Started DemoApplicationTests in 5.912 seconds (process running for 7.716)
]]></system-out>
  <system-err><![CDATA[]]></system-err>
</testsuite>
